[2026-01-23 14:39:42] Starting Flask application...
[2026-01-23 14:39:42] Campaign sheet URL: https://docs.google.com/spreadsheets/d/1271IFIvoL7AwwiSIxJrf3VJ4fLUtjp6LA_r3MXt2HEA/export?format=csv&gid=0
[2026-01-23 14:39:42] Creative sheet URL: https://docs.google.com/spreadsheets/d/1271IFIvoL7AwwiSIxJrf3VJ4fLUtjp6LA_r3MXt2HEA/export?format=csv&gid=1
[2026-01-23 14:39:42] Publisher sheet URL: https://docs.google.com/spreadsheets/d/1va85AhpQeTR9BxFVNjRONyUuBo-RoFjS3CK04MFHHBk/export?format=csv
[2026-01-23 14:39:48] Loading Campaign Sheet from: https://docs.google.com/spreadsheets/d/1271IFIvoL7AwwiSIxJrf3VJ4fLUtjp6LA_r3MXt2HEA/export?format=csv&gid=0
[2026-01-23 14:39:49] Successfully loaded Campaign Sheet. Shape: (77, 11), Columns: ['Campaign', 'Pid', 'os', 'CTA', 'VTA', 'Onelink CTA', 'Onelink vta', 'CTV', 'Publisher name', 'Pubs Name', 'Creative Name/Size']
[2026-01-23 14:39:49] First few rows of Campaign Sheet:
[2026-01-23 14:39:49]   Row 0: {'Campaign': 'Mashreq', 'Pid': 'yandexdirect_int', 'os': 'IOS', 'CTA': 'https://app.appsflyer.com/id378549193?pid=yandexdirect_int&c=Axpo_TABC&af_siteid={source_type}_{source}&af_c_id={campaign_id}&af_adset_id={gbid}&af_ad_id={ad_id}&af_click_lookback=7d&clickid={logid}&idfa={ios_ifa}&af_prt=axponentmediapv&af_ip={}&af_model={}&af_os_version={}&af_language={}&af_ua={}&af_ad={}', 'VTA': 'https://impression.appsflyer.com/id378549193?pid=yandexdirect_int&c=Axpo_TABC&af_siteid={source_type}_{source}&af_c_id={campaign_id}&af_adset_id={gbid}&af_ad_id={ad_id}&af_viewthrough_lookback=24h&clickid={logid}&idfa={ios_ifa}&af_prt=axponentmediapv&af_ip={}&af_model={}&af_os_version={}&af_language={}&af_ua={}', 'Onelink CTA': '', 'Onelink vta': '', 'CTV': '', 'Publisher name': '&c', 'Pubs Name': '', 'Creative Name/Size': '&af_ad'}
[2026-01-23 14:39:49]   Row 1: {'Campaign': 'Mashreq', 'Pid': 'yandexdirect_int', 'os': 'AOS', 'CTA': 'https://app.appsflyer.com/com.vipera.ts.starter.MashreqAE?pid=yandexdirect_int&c=Axpo_advibe&af_siteid={source_type}_{source}&af_c_id={campaign_id}&af_adset_id={gbid}&af_ad_id={ad_id}&af_click_lookback=7d&clickid={logid}&google_aid={google_aid}&android_id={android_id}&oaid={oaid}&af_prt=axponentmediapv', 'VTA': 'https://impression.appsflyer.com/com.vipera.ts.starter.MashreqAE?pid=yandexdirect_int&c=Axpo_advibe&af_siteid={source_type}_{source}&af_c_id={campaign_id}&af_adset_id={gbid}&af_ad_id={ad_id}&af_viewthrough_lookback=24h&clickid={logid}&google_aid={google_aid}&android_id={android_id}&oaid={oaid}&af_prt=axponentmediapv', 'Onelink CTA': '', 'Onelink vta': '', 'CTV': '', 'Publisher name': '&c', 'Pubs Name': '', 'Creative Name/Size': ''}
[2026-01-23 14:39:49]   Row 2: {'Campaign': 'Genting Casino UK', 'Pid': 'pulsedrivqw_int', 'os': 'AOS', 'CTA': 'https://app.appsflyer.com/com.gentingcasino.www?pid=pulsedrivqw_int&af_siteid={affiliate_id}_{affiliate_sub_id}&c=10050370&af_sub_siteid={affiliate_sub_id}&af_c_id={offer_id}&af_adset_id={af_adset_id}&af_channel=Axpo_Sap&af_click_lookback=7d&clickid={transaction_id}&advertising_id={gaid}&android_id={android_id}&idfa={idfa}&idfv={idfv}&af_prt=axponentmediapv&installpostback=false', 'VTA': 'https://impression.appsflyer.com/com.gentingcasino.www?pid=pulsedrivqw_int&af_siteid={affiliate_id}_{affiliate_sub_id}&c=10050370&af_sub_siteid={affiliate_sub_id}&af_c_id={offer_id}&af_adset_id={af_adset_id}&af_channel=Axpo_Sap&af_viewthrough_lookback=24h&clickid={transaction_id}&advertising_id={gaid}&android_id={android_id}&idfa={idfa}&idfv={idfv}&af_prt=axponentmediapv', 'Onelink CTA': 'https://genting-casino.onelink.me/wFpv?pid=pulsedrivqw_int&af_siteid={affiliate_id}_{affiliate_sub_id}&c=10050370&af_sub_siteid={affiliate_sub_id}&af_c_id={offer_id}&af_adset_id={af_adset_id}&af_channel=Axpo_Sap&af_click_lookback=7d&clickid={transaction_id}&advertising_id={gaid}&android_id={android_id}&idfa={idfa}&idfv={idfv}&af_prt=axponentmediapv', 'Onelink vta': 'https://impressions.onelink.me/wFpv?pid=pulsedrivqw_int&af_siteid={affiliate_id}_{affiliate_sub_id}&c=10050370&af_sub_siteid={affiliate_sub_id}&af_c_id={offer_id}&af_adset_id={af_adset_id}&af_channel=Axpo_Sap&af_viewthrough_lookback=24h&clickid={transaction_id}&advertising_id={gaid}&android_id={android_id}&idfa={idfa}&idfv={idfv}&af_prt=axponentmediapv&installpostback=false', 'CTV': 'https://impressions.onelink.me/wFpv?pid=pulsedrivqw_int&af_siteid={affiliate_id}_{affiliate_sub_id}&c=10050370&af_sub_siteid={affiliate_sub_id}&af_c_id={offer_id}&af_adset_id={af_adset_id}&af_channel=Axpo_Sap&af_viewthrough_lookback=24h&clickid={transaction_id}&advertising_id={gaid}&android_id={android_id}&idfa={idfa}&idfv={idfv}&af_prt=axponentmediapv&af_xplatform=true&af_xplatform_vt_lookback=24h&af_ip={}&af_model={}&af_os_version={}&af_language={}&af_ua={}', 'Publisher name': '&af_channel,af_adset', 'Pubs Name': '', 'Creative Name/Size': ''}
[2026-01-23 14:39:49] Available campaigns for dropdown: ['Angel One', 'BBVA', 'Banki', 'Bitget', 'Boyle Sports', 'Bybit', 'Bybit EU', 'Don RO', 'Favbet', 'Genting Casino ES', 'Genting Casino UK', 'Guru VPN', 'JAR', 'Kraken CA', 'Kraken UK', 'Kraken US', 'Lending Plate', 'Mashreq', 'Mega Casino CA', 'Mega Casino ES', 'Mega Casino UK', 'Moneyman', 'Mpokket', 'Parimatch UZ', 'Platiza', 'Playojo Mova', 'Playuzu', 'Prime Casino CA', 'Prime Casino UK', 'Quara Finance', 'Slingo CA', 'Slingo ES', 'Slingo UK', 'Spin Genie CA', 'Spin Genie ES', 'Spin Genie UK', 'Tambadana', 'Tooniebet', 'Unacademy NEET', 'Unacademy UPSC', 'VT Market', 'XM', 'Zaimer']
[2026-01-23 14:39:49] Loading Campaign Sheet from: https://docs.google.com/spreadsheets/d/1271IFIvoL7AwwiSIxJrf3VJ4fLUtjp6LA_r3MXt2HEA/export?format=csv&gid=0
[2026-01-23 14:39:50] Successfully loaded Campaign Sheet. Shape: (77, 11), Columns: ['Campaign', 'Pid', 'os', 'CTA', 'VTA', 'Onelink CTA', 'Onelink vta', 'CTV', 'Publisher name', 'Pubs Name', 'Creative Name/Size']
[2026-01-23 14:39:50] First few rows of Campaign Sheet:
[2026-01-23 14:39:50]   Row 0: {'Campaign': 'Mashreq', 'Pid': 'yandexdirect_int', 'os': 'IOS', 'CTA': 'https://app.appsflyer.com/id378549193?pid=yandexdirect_int&c=Axpo_TABC&af_siteid={source_type}_{source}&af_c_id={campaign_id}&af_adset_id={gbid}&af_ad_id={ad_id}&af_click_lookback=7d&clickid={logid}&idfa={ios_ifa}&af_prt=axponentmediapv&af_ip={}&af_model={}&af_os_version={}&af_language={}&af_ua={}&af_ad={}', 'VTA': 'https://impression.appsflyer.com/id378549193?pid=yandexdirect_int&c=Axpo_TABC&af_siteid={source_type}_{source}&af_c_id={campaign_id}&af_adset_id={gbid}&af_ad_id={ad_id}&af_viewthrough_lookback=24h&clickid={logid}&idfa={ios_ifa}&af_prt=axponentmediapv&af_ip={}&af_model={}&af_os_version={}&af_language={}&af_ua={}', 'Onelink CTA': '', 'Onelink vta': '', 'CTV': '', 'Publisher name': '&c', 'Pubs Name': '', 'Creative Name/Size': '&af_ad'}
[2026-01-23 14:39:50]   Row 1: {'Campaign': 'Mashreq', 'Pid': 'yandexdirect_int', 'os': 'AOS', 'CTA': 'https://app.appsflyer.com/com.vipera.ts.starter.MashreqAE?pid=yandexdirect_int&c=Axpo_advibe&af_siteid={source_type}_{source}&af_c_id={campaign_id}&af_adset_id={gbid}&af_ad_id={ad_id}&af_click_lookback=7d&clickid={logid}&google_aid={google_aid}&android_id={android_id}&oaid={oaid}&af_prt=axponentmediapv', 'VTA': 'https://impression.appsflyer.com/com.vipera.ts.starter.MashreqAE?pid=yandexdirect_int&c=Axpo_advibe&af_siteid={source_type}_{source}&af_c_id={campaign_id}&af_adset_id={gbid}&af_ad_id={ad_id}&af_viewthrough_lookback=24h&clickid={logid}&google_aid={google_aid}&android_id={android_id}&oaid={oaid}&af_prt=axponentmediapv', 'Onelink CTA': '', 'Onelink vta': '', 'CTV': '', 'Publisher name': '&c', 'Pubs Name': '', 'Creative Name/Size': ''}
[2026-01-23 14:39:50]   Row 2: {'Campaign': 'Genting Casino UK', 'Pid': 'pulsedrivqw_int', 'os': 'AOS', 'CTA': 'https://app.appsflyer.com/com.gentingcasino.www?pid=pulsedrivqw_int&af_siteid={affiliate_id}_{affiliate_sub_id}&c=10050370&af_sub_siteid={affiliate_sub_id}&af_c_id={offer_id}&af_adset_id={af_adset_id}&af_channel=Axpo_Sap&af_click_lookback=7d&clickid={transaction_id}&advertising_id={gaid}&android_id={android_id}&idfa={idfa}&idfv={idfv}&af_prt=axponentmediapv&installpostback=false', 'VTA': 'https://impression.appsflyer.com/com.gentingcasino.www?pid=pulsedrivqw_int&af_siteid={affiliate_id}_{affiliate_sub_id}&c=10050370&af_sub_siteid={affiliate_sub_id}&af_c_id={offer_id}&af_adset_id={af_adset_id}&af_channel=Axpo_Sap&af_viewthrough_lookback=24h&clickid={transaction_id}&advertising_id={gaid}&android_id={android_id}&idfa={idfa}&idfv={idfv}&af_prt=axponentmediapv', 'Onelink CTA': 'https://genting-casino.onelink.me/wFpv?pid=pulsedrivqw_int&af_siteid={affiliate_id}_{affiliate_sub_id}&c=10050370&af_sub_siteid={affiliate_sub_id}&af_c_id={offer_id}&af_adset_id={af_adset_id}&af_channel=Axpo_Sap&af_click_lookback=7d&clickid={transaction_id}&advertising_id={gaid}&android_id={android_id}&idfa={idfa}&idfv={idfv}&af_prt=axponentmediapv', 'Onelink vta': 'https://impressions.onelink.me/wFpv?pid=pulsedrivqw_int&af_siteid={affiliate_id}_{affiliate_sub_id}&c=10050370&af_sub_siteid={affiliate_sub_id}&af_c_id={offer_id}&af_adset_id={af_adset_id}&af_channel=Axpo_Sap&af_viewthrough_lookback=24h&clickid={transaction_id}&advertising_id={gaid}&android_id={android_id}&idfa={idfa}&idfv={idfv}&af_prt=axponentmediapv&installpostback=false', 'CTV': 'https://impressions.onelink.me/wFpv?pid=pulsedrivqw_int&af_siteid={affiliate_id}_{affiliate_sub_id}&c=10050370&af_sub_siteid={affiliate_sub_id}&af_c_id={offer_id}&af_adset_id={af_adset_id}&af_channel=Axpo_Sap&af_viewthrough_lookback=24h&clickid={transaction_id}&advertising_id={gaid}&android_id={android_id}&idfa={idfa}&idfv={idfv}&af_prt=axponentmediapv&af_xplatform=true&af_xplatform_vt_lookback=24h&af_ip={}&af_model={}&af_os_version={}&af_language={}&af_ua={}', 'Publisher name': '&af_channel,af_adset', 'Pubs Name': '', 'Creative Name/Size': ''}
[2026-01-23 14:39:50] Available OS: ['AOS', 'AOS RT', 'AOS UA', 'IOS', 'IOS RT', 'IOS UA']
[2026-01-23 14:39:50] Loading Publisher Sheet from: https://docs.google.com/spreadsheets/d/1va85AhpQeTR9BxFVNjRONyUuBo-RoFjS3CK04MFHHBk/export?format=csv
[2026-01-23 14:39:52] Successfully loaded Publisher Sheet. Shape: (242, 2), Columns: ['Pub name', 'Publisher_ID']
[2026-01-23 14:39:52] First few rows of Publisher Sheet:
[2026-01-23 14:39:52]   Row 0: {'Pub name': '16ADS', 'Publisher_ID': '1001'}
[2026-01-23 14:39:52]   Row 1: {'Pub name': '19MOBI', 'Publisher_ID': '1002'}
[2026-01-23 14:39:52]   Row 2: {'Pub name': '51PLAYABLE', 'Publisher_ID': '1003'}
[2026-01-23 14:39:52] Loaded 242 publishers
[2026-01-23 14:39:52] 
=== Rendering index page ===
[2026-01-23 14:39:52] Campaigns: ['Angel One', 'BBVA', 'Banki', 'Bitget', 'Boyle Sports', 'Bybit', 'Bybit EU', 'Don RO', 'Favbet', 'Genting Casino ES', 'Genting Casino UK', 'Guru VPN', 'JAR', 'Kraken CA', 'Kraken UK', 'Kraken US', 'Lending Plate', 'Mashreq', 'Mega Casino CA', 'Mega Casino ES', 'Mega Casino UK', 'Moneyman', 'Mpokket', 'Parimatch UZ', 'Platiza', 'Playojo Mova', 'Playuzu', 'Prime Casino CA', 'Prime Casino UK', 'Quara Finance', 'Slingo CA', 'Slingo ES', 'Slingo UK', 'Spin Genie CA', 'Spin Genie ES', 'Spin Genie UK', 'Tambadana', 'Tooniebet', 'Unacademy NEET', 'Unacademy UPSC', 'VT Market', 'XM', 'Zaimer']
[2026-01-23 14:39:52] OS list: ['AOS', 'AOS RT', 'AOS UA', 'IOS', 'IOS RT', 'IOS UA']
[2026-01-23 14:39:52] Publishers count: 242
[2026-01-23 14:40:06] 
=== Getting creative sizes for campaign: 'Lending Plate' ===
[2026-01-23 14:40:06] Loading Creative Sheet from: https://docs.google.com/spreadsheets/d/1271IFIvoL7AwwiSIxJrf3VJ4fLUtjp6LA_r3MXt2HEA/export?format=csv&gid=1
[2026-01-23 14:40:08] ERROR loading Creative Sheet: HTTP Error 400: Bad Request
[2026-01-23 14:40:08] WARNING: Creative sheet is empty!
[2026-01-23 14:40:08] Creative sheet is empty or couldn't be loaded
[2026-01-23 14:40:15] 
=== Getting creative sizes for campaign: 'Platiza' ===
[2026-01-23 14:40:15] Loading Creative Sheet from: https://docs.google.com/spreadsheets/d/1271IFIvoL7AwwiSIxJrf3VJ4fLUtjp6LA_r3MXt2HEA/export?format=csv&gid=1
[2026-01-23 14:40:16] ERROR loading Creative Sheet: HTTP Error 400: Bad Request
[2026-01-23 14:40:16] WARNING: Creative sheet is empty!
[2026-01-23 14:40:16] Creative sheet is empty or couldn't be loaded
[2026-01-23 14:40:21] 
=== Getting creative sizes for campaign: 'Mashreq' ===
[2026-01-23 14:40:21] Loading Creative Sheet from: https://docs.google.com/spreadsheets/d/1271IFIvoL7AwwiSIxJrf3VJ4fLUtjp6LA_r3MXt2HEA/export?format=csv&gid=1
[2026-01-23 14:40:24] ERROR loading Creative Sheet: HTTP Error 400: Bad Request
[2026-01-23 14:40:24] WARNING: Creative sheet is empty!
[2026-01-23 14:40:24] Creative sheet is empty or couldn't be loaded
